Command line invocation:
    /Applications/Xcode.app/Contents/Developer/usr/bin/xcodebuild -scheme Droppy -destination platform=macOS build

2026-01-03 15:52:38.658 xcodebuild[57748:849012] [MT] IDERunDestination: Supported platforms for the buildables in the current scheme is empty.
--- xcodebuild: WARNING: Using the first of multiple matching destinations:
{ platform:macOS, arch:arm64, id:00006000-000438D922A3801E, name:My Mac }
{ platform:macOS, arch:x86_64, id:00006000-000438D922A3801E, name:My Mac }
ComputePackagePrebuildTargetDependencyGraph

Prepare packages

CreateBuildRequest

SendProjectDescription

CreateBuildOperation

ComputeTargetDependencyGraph
note: Building targets in dependency order
note: Target dependency graph (1 target)
    Target 'Droppy' in project 'Droppy' (no dependencies)

GatherProvisioningInputs

CreateBuildDescription

ExecuteExternalTool /Applications/Xcode.app/Contents/Developer/Toolchains/XcodeDefault.xctoolchain/usr/bin/clang -v -E -dM -isysroot /Applications/Xcode.app/Contents/Developer/Platforms/MacOSX.platform/Developer/SDKs/MacOSX26.2.sdk -x c -c /dev/null

ExecuteExternalTool /Applications/Xcode.app/Contents/Developer/usr/bin/actool --version --output-format xml1

ExecuteExternalTool /Applications/Xcode.app/Contents/Developer/Toolchains/XcodeDefault.xctoolchain/usr/bin/swiftc --version

ExecuteExternalTool /Applications/Xcode.app/Contents/Developer/Toolchains/XcodeDefault.xctoolchain/usr/bin/ld -version_details

Build description signature: 4147af2ba1255dc3eee2589cc9144877
Build description path: /Users/jordyspruit/Library/Developer/Xcode/DerivedData/Droppy-gsnsjehegyqytmgkrbkeikyhncoe/Build/Intermediates.noindex/XCBuildData/4147af2ba1255dc3eee2589cc9144877.xcbuilddata
ClangStatCache /Applications/Xcode.app/Contents/Developer/Toolchains/XcodeDefault.xctoolchain/usr/bin/clang-stat-cache /Applications/Xcode.app/Contents/Developer/Platforms/MacOSX.platform/Developer/SDKs/MacOSX26.2.sdk /Users/jordyspruit/Library/Developer/Xcode/DerivedData/SDKStatCaches.noindex/macosx26.2-25C57-00fa09913b459cbbc988d1f6730289ae.sdkstatcache
    cd /Users/jordyspruit/Desktop/Droppy/Droppy.xcodeproj
    /Applications/Xcode.app/Contents/Developer/Toolchains/XcodeDefault.xctoolchain/usr/bin/clang-stat-cache /Applications/Xcode.app/Contents/Developer/Platforms/MacOSX.platform/Developer/SDKs/MacOSX26.2.sdk -o /Users/jordyspruit/Library/Developer/Xcode/DerivedData/SDKStatCaches.noindex/macosx26.2-25C57-00fa09913b459cbbc988d1f6730289ae.sdkstatcache

SwiftDriver Droppy normal arm64 com.apple.xcode.tools.swift.compiler (in target 'Droppy' from project 'Droppy')
    cd /Users/jordyspruit/Desktop/Droppy
    builtin-SwiftDriver -- /Applications/Xcode.app/Contents/Developer/Toolchains/XcodeDefault.xctoolchain/usr/bin/swiftc -module-name Droppy -Onone -enforce-exclusivity\=checked @/Users/jordyspruit/Library/Developer/Xcode/DerivedData/Droppy-gsnsjehegyqytmgkrbkeikyhncoe/Build/Intermediates.noindex/Droppy.build/Debug/Droppy.build/Objects-normal/arm64/Droppy.SwiftFileList -DDEBUG -default-isolation\=MainActor -enable-bare-slash-regex -enable-upcoming-feature DisableOutwardActorInference -enable-upcoming-feature InferSendableFromCaptures -enable-upcoming-feature GlobalActorIsolatedTypesUsability -enable-upcoming-feature MemberImportVisibility -enable-upcoming-feature InferIsolatedConformances -enable-upcoming-feature NonisolatedNonsendingByDefault -enable-experimental-feature DebugDescriptionMacro -sdk /Applications/Xcode.app/Contents/Developer/Platforms/MacOSX.platform/Developer/SDKs/MacOSX26.2.sdk -target arm64-apple-macos15.0 -g -module-cache-path /Users/jordyspruit/Library/Developer/Xcode/DerivedData/ModuleCache.noindex -Xfrontend -serialize-debugging-options -enable-testing -index-store-path /Users/jordyspruit/Library/Developer/Xcode/DerivedData/Droppy-gsnsjehegyqytmgkrbkeikyhncoe/Index.noindex/DataStore -Xcc -D_LIBCPP_HARDENING_MODE\=_LIBCPP_HARDENING_MODE_DEBUG -swift-version 5 -I /Users/jordyspruit/Library/Developer/Xcode/DerivedData/Droppy-gsnsjehegyqytmgkrbkeikyhncoe/Build/Products/Debug -F /Users/jordyspruit/Library/Developer/Xcode/DerivedData/Droppy-gsnsjehegyqytmgkrbkeikyhncoe/Build/Products/Debug -emit-localized-strings -emit-localized-strings-path /Users/jordyspruit/Library/Developer/Xcode/DerivedData/Droppy-gsnsjehegyqytmgkrbkeikyhncoe/Build/Intermediates.noindex/Droppy.build/Debug/Droppy.build/Objects-normal/arm64 -c -j10 -enable-batch-mode -incremental -Xcc -ivfsstatcache -Xcc /Users/jordyspruit/Library/Developer/Xcode/DerivedData/SDKStatCaches.noindex/macosx26.2-25C57-00fa09913b459cbbc988d1f6730289ae.sdkstatcache -output-file-map /Users/jordyspruit/Library/Developer/Xcode/DerivedData/Droppy-gsnsjehegyqytmgkrbkeikyhncoe/Build/Intermediates.noindex/Droppy.build/Debug/Droppy.build/Objects-normal/arm64/Droppy-OutputFileMap.json -use-frontend-parseable-output -save-temps -no-color-diagnostics -explicit-module-build -module-cache-path /Users/jordyspruit/Library/Developer/Xcode/DerivedData/Droppy-gsnsjehegyqytmgkrbkeikyhncoe/Build/Intermediates.noindex/SwiftExplicitPrecompiledModules -clang-scanner-module-cache-path /Users/jordyspruit/Library/Developer/Xcode/DerivedData/ModuleCache.noindex -sdk-module-cache-path /Users/jordyspruit/Library/Developer/Xcode/DerivedData/ModuleCache.noindex -serialize-diagnostics -emit-dependencies -emit-module -emit-module-path /Users/jordyspruit/Library/Developer/Xcode/DerivedData/Droppy-gsnsjehegyqytmgkrbkeikyhncoe/Build/Intermediates.noindex/Droppy.build/Debug/Droppy.build/Objects-normal/arm64/Droppy.swiftmodule -validate-clang-modules-once -clang-build-session-file /Users/jordyspruit/Library/Developer/Xcode/DerivedData/ModuleCache.noindex/Session.modulevalidation -Xcc -I/Users/jordyspruit/Library/Developer/Xcode/DerivedData/Droppy-gsnsjehegyqytmgkrbkeikyhncoe/Build/Intermediates.noindex/Droppy.build/Debug/Droppy.build/swift-overrides.hmap -emit-const-values -Xfrontend -const-gather-protocols-file -Xfrontend /Users/jordyspruit/Library/Developer/Xcode/DerivedData/Droppy-gsnsjehegyqytmgkrbkeikyhncoe/Build/Intermediates.noindex/Droppy.build/Debug/Droppy.build/Objects-normal/arm64/Droppy_const_extract_protocols.json -Xcc -iquote -Xcc /Users/jordyspruit/Library/Developer/Xcode/DerivedData/Droppy-gsnsjehegyqytmgkrbkeikyhncoe/Build/Intermediates.noindex/Droppy.build/Debug/Droppy.build/Droppy-generated-files.hmap -Xcc -I/Users/jordyspruit/Library/Developer/Xcode/DerivedData/Droppy-gsnsjehegyqytmgkrbkeikyhncoe/Build/Intermediates.noindex/Droppy.build/Debug/Droppy.build/Droppy-own-target-headers.hmap -Xcc -I/Users/jordyspruit/Library/Developer/Xcode/DerivedData/Droppy-gsnsjehegyqytmgkrbkeikyhncoe/Build/Intermediates.noindex/Droppy.build/Debug/Droppy.build/Droppy-all-target-headers.hmap -Xcc -iquote -Xcc /Users/jordyspruit/Library/Developer/Xcode/DerivedData/Droppy-gsnsjehegyqytmgkrbkeikyhncoe/Build/Intermediates.noindex/Droppy.build/Debug/Droppy.build/Droppy-project-headers.hmap -Xcc -I/Users/jordyspruit/Library/Developer/Xcode/DerivedData/Droppy-gsnsjehegyqytmgkrbkeikyhncoe/Build/Products/Debug/include -Xcc -I/Users/jordyspruit/Library/Developer/Xcode/DerivedData/Droppy-gsnsjehegyqytmgkrbkeikyhncoe/Build/Intermediates.noindex/Droppy.build/Debug/Droppy.build/DerivedSources-normal/arm64 -Xcc -I/Users/jordyspruit/Library/Developer/Xcode/DerivedData/Droppy-gsnsjehegyqytmgkrbkeikyhncoe/Build/Intermediates.noindex/Droppy.build/Debug/Droppy.build/DerivedSources/arm64 -Xcc -I/Users/jordyspruit/Library/Developer/Xcode/DerivedData/Droppy-gsnsjehegyqytmgkrbkeikyhncoe/Build/Intermediates.noindex/Droppy.build/Debug/Droppy.build/DerivedSources -Xcc -DDEBUG\=1 -emit-objc-header -emit-objc-header-path /Users/jordyspruit/Library/Developer/Xcode/DerivedData/Droppy-gsnsjehegyqytmgkrbkeikyhncoe/Build/Intermediates.noindex/Droppy.build/Debug/Droppy.build/Objects-normal/arm64/Droppy-Swift.h -working-directory /Users/jordyspruit/Desktop/Droppy -experimental-emit-module-separately -disable-cmo

SwiftCompile normal arm64 Compiling\ FloatingBasketView.swift /Users/jordyspruit/Desktop/Droppy/Droppy/FloatingBasketView.swift (in target 'Droppy' from project 'Droppy')

SwiftCompile normal arm64 /Users/jordyspruit/Desktop/Droppy/Droppy/FloatingBasketView.swift (in target 'Droppy' from project 'Droppy')
    cd /Users/jordyspruit/Desktop/Droppy
    
/Users/jordyspruit/Desktop/Droppy/Droppy/FloatingBasketView.swift:442:35: error: instance method 'conforms(to:)' is not available due to missing import of defining module 'UniformTypeIdentifiers'
                if item.fileType?.conforms(to: .image) == true || item.fileType?.conforms(to: .pdf) == true {
                                  ^
/Users/jordyspruit/Desktop/Droppy/Droppy/FloatingBasketView.swift:9:1: note: add import of module 'UniformTypeIdentifiers'

^
/Users/jordyspruit/Desktop/Droppy/Droppy/FloatingBasketView.swift:442:82: error: instance method 'conforms(to:)' is not available due to missing import of defining module 'UniformTypeIdentifiers'
                if item.fileType?.conforms(to: .image) == true || item.fileType?.conforms(to: .pdf) == true {
                                                                                 ^
/Users/jordyspruit/Desktop/Droppy/Droppy/FloatingBasketView.swift:9:1: note: add import of module 'UniformTypeIdentifiers'

^
/Users/jordyspruit/Desktop/Droppy/Droppy/FloatingBasketView.swift:442:96: error: static property 'pdf' is not available due to missing import of defining module 'UniformTypeIdentifiers'
                if item.fileType?.conforms(to: .image) == true || item.fileType?.conforms(to: .pdf) == true {
                                                                                               ^
/Users/jordyspruit/Desktop/Droppy/Droppy/FloatingBasketView.swift:9:1: note: add import of module 'UniformTypeIdentifiers'

^
/Users/jordyspruit/Desktop/Droppy/Droppy/FloatingBasketView.swift:442:49: error: static property 'image' is not available due to missing import of defining module 'UniformTypeIdentifiers'
                if item.fileType?.conforms(to: .image) == true || item.fileType?.conforms(to: .pdf) == true {
                                                ^
/Users/jordyspruit/Desktop/Droppy/Droppy/FloatingBasketView.swift:9:1: note: add import of module 'UniformTypeIdentifiers'

^

Failed frontend command:
/Applications/Xcode.app/Contents/Developer/Toolchains/XcodeDefault.xctoolchain/usr/bin/swift-frontend -frontend -c /Users/jordyspruit/Desktop/Droppy/Droppy/AutoUpdater.swift /Users/jordyspruit/Desktop/Droppy/Droppy/ContentView.swift /Users/jordyspruit/Desktop/Droppy/Droppy/DraggableArea.swift /Users/jordyspruit/Desktop/Droppy/Droppy/DraggableItemWrapper.swift /Users/jordyspruit/Desktop/Droppy/Droppy/DragMonitor.swift /Users/jordyspruit/Desktop/Droppy/Droppy/DroppedItem.swift /Users/jordyspruit/Desktop/Droppy/Droppy/DroppedItemView.swift /Users/jordyspruit/Desktop/Droppy/Droppy/DroppyApp.swift /Users/jordyspruit/Desktop/Droppy/Droppy/DroppyState.swift /Users/jordyspruit/Desktop/Droppy/Droppy/FileConverter.swift -primary-file /Users/jordyspruit/Desktop/Droppy/Droppy/FloatingBasketView.swift /Users/jordyspruit/Desktop/Droppy/Droppy/FloatingBasketWindowController.swift /Users/jordyspruit/Desktop/Droppy/Droppy/HexagonDotsEffect.swift /Users/jordyspruit/Desktop/Droppy/Droppy/LiquidGlassStyle.swift /Users/jordyspruit/Desktop/Droppy/Droppy/NotchShelfView.swift /Users/jordyspruit/Desktop/Droppy/Droppy/NotchWindowController.swift /Users/jordyspruit/Desktop/Droppy/Droppy/OCRResultView.swift /Users/jordyspruit/Desktop/Droppy/Droppy/OCRService.swift /Users/jordyspruit/Desktop/Droppy/Droppy/OCRWindowController.swift /Users/jordyspruit/Desktop/Droppy/Droppy/PoofEffect.swift /Users/jordyspruit/Desktop/Droppy/Droppy/SettingsView.swift /Users/jordyspruit/Desktop/Droppy/Droppy/SettingsWindowController.swift /Users/jordyspruit/Desktop/Droppy/Droppy/ShelfView.swift /Users/jordyspruit/Desktop/Droppy/Droppy/UpdateChecker.swift /Users/jordyspruit/Library/Developer/Xcode/DerivedData/Droppy-gsnsjehegyqytmgkrbkeikyhncoe/Build/Intermediates.noindex/Droppy.build/Debug/Droppy.build/DerivedSources/GeneratedAssetSymbols.swift -emit-dependencies-path /Users/jordyspruit/Library/Developer/Xcode/DerivedData/Droppy-gsnsjehegyqytmgkrbkeikyhncoe/Build/Intermediates.noindex/Droppy.build/Debug/Droppy.build/Objects-normal/arm64/FloatingBasketView.d -emit-const-values-path /Users/jordyspruit/Library/Developer/Xcode/DerivedData/Droppy-gsnsjehegyqytmgkrbkeikyhncoe/Build/Intermediates.noindex/Droppy.build/Debug/Droppy.build/Objects-normal/arm64/FloatingBasketView.swiftconstvalues -emit-reference-dependencies-path /Users/jordyspruit/Library/Developer/Xcode/DerivedData/Droppy-gsnsjehegyqytmgkrbkeikyhncoe/Build/Intermediates.noindex/Droppy.build/Debug/Droppy.build/Objects-normal/arm64/FloatingBasketView.swiftdeps -serialize-diagnostics-path /Users/jordyspruit/Library/Developer/Xcode/DerivedData/Droppy-gsnsjehegyqytmgkrbkeikyhncoe/Build/Intermediates.noindex/Droppy.build/Debug/Droppy.build/Objects-normal/arm64/FloatingBasketView.dia -emit-localized-strings -emit-localized-strings-path /Users/jordyspruit/Library/Developer/Xcode/DerivedData/Droppy-gsnsjehegyqytmgkrbkeikyhncoe/Build/Intermediates.noindex/Droppy.build/Debug/Droppy.build/Objects-normal/arm64 -target arm64-apple-macos15.0 -module-can-import-version AppKit 2685.30.107 2685.30.107 -module-can-import-version DeveloperToolsSupport 23.0.4 23.0.4 -module-can-import-version SwiftUI 7.2.5.1 7.2.5 -load-resolved-plugin /Applications/Xcode.app/Contents/Developer/Platforms/MacOSX.platform/Developer/usr/lib/swift/host/plugins/libFoundationMacros.dylib\#/Applications/Xcode.app/Contents/Developer/Platforms/MacOSX.platform/Developer/usr/bin/swift-plugin-server\#FoundationMacros -load-resolved-plugin /Applications/Xcode.app/Contents/Developer/Platforms/MacOSX.platform/Developer/usr/lib/swift/host/plugins/libObservationMacros.dylib\#/Applications/Xcode.app/Contents/Developer/Platforms/MacOSX.platform/Developer/usr/bin/swift-plugin-server\#ObservationMacros -load-resolved-plugin /Applications/Xcode.app/Contents/Developer/Platforms/MacOSX.platform/Developer/usr/lib/swift/host/plugins/libPreviewsMacros.dylib\#/Applications/Xcode.app/Contents/Developer/Platforms/MacOSX.platform/Developer/usr/bin/swift-plugin-server\#PreviewsMacros -load-resolved-plugin /Applications/Xcode.app/Contents/Developer/Platforms/MacOSX.platform/Developer/usr/lib/swift/host/plugins/libSwiftMacros.dylib\#/Applications/Xcode.app/Contents/Developer/Platforms/MacOSX.platform/Developer/usr/bin/swift-plugin-server\#SwiftMacros -load-resolved-plugin /Applications/Xcode.app/Contents/Developer/Platforms/MacOSX.platform/Developer/usr/lib/swift/host/plugins/libSwiftUIMacros.dylib\#/Applications/Xcode.app/Contents/Developer/Platforms/MacOSX.platform/Developer/usr/bin/swift-plugin-server\#SwiftUIMacros -disable-implicit-swift-modules -Xcc -fno-implicit-modules -Xcc -fno-implicit-module-maps -explicit-swift-module-map-file /Users/jordyspruit/Library/Developer/Xcode/DerivedData/Droppy-gsnsjehegyqytmgkrbkeikyhncoe/Build/Intermediates.noindex/Droppy.build/Debug/Droppy.build/Objects-normal/arm64/Droppy-dependencies-1.json -Xllvm -aarch64-use-tbi -enable-objc-interop -stack-check -sdk /Applications/Xcode.app/Contents/Developer/Platforms/MacOSX.platform/Developer/SDKs/MacOSX26.2.sdk -I /Users/jordyspruit/Library/Developer/Xcode/DerivedData/Droppy-gsnsjehegyqytmgkrbkeikyhncoe/Build/Products/Debug -F /Users/jordyspruit/Library/Developer/Xcode/DerivedData/Droppy-gsnsjehegyqytmgkrbkeikyhncoe/Build/Products/Debug -no-color-diagnostics -Xcc -fno-color-diagnostics -enable-testing -g -debug-info-format\=dwarf -dwarf-version\=5 -module-cache-path /Users/jordyspruit/Library/Developer/Xcode/DerivedData/Droppy-gsnsjehegyqytmgkrbkeikyhncoe/Build/Intermediates.noindex/SwiftExplicitPrecompiledModules -swift-version 5 -enforce-exclusivity\=checked -Onone -D DEBUG -serialize-debugging-options -const-gather-protocols-file /Users/jordyspruit/Library/Developer/Xcode/DerivedData/Droppy-gsnsjehegyqytmgkrbkeikyhncoe/Build/Intermediates.noindex/Droppy.build/Debug/Droppy.build/Objects-normal/arm64/Droppy_const_extract_protocols.json -enable-upcoming-feature DisableOutwardActorInference -enable-upcoming-feature InferSendableFromCaptures -enable-upcoming-feature GlobalActorIsolatedTypesUsability -enable-upcoming-feature MemberImportVisibility -enable-upcoming-feature InferIsolatedConformances -enable-upcoming-feature NonisolatedNonsendingByDefault -enable-experimental-feature DebugDescriptionMacro -enable-bare-slash-regex -default-isolation\=MainActor -empty-abi-descriptor -validate-clang-modules-once -clang-build-session-file /Users/jordyspruit/Library/Developer/Xcode/DerivedData/ModuleCache.noindex/Session.modulevalidation -Xcc -working-directory -Xcc /Users/jordyspruit/Desktop/Droppy -enable-anonymous-context-mangled-names -file-compilation-dir /Users/jordyspruit/Desktop/Droppy -Xcc -D_LIBCPP_HARDENING_MODE\=_LIBCPP_HARDENING_MODE_DEBUG -Xcc -ivfsstatcache -Xcc /Users/jordyspruit/Library/Developer/Xcode/DerivedData/SDKStatCaches.noindex/macosx26.2-25C57-00fa09913b459cbbc988d1f6730289ae.sdkstatcache -Xcc -I/Users/jordyspruit/Library/Developer/Xcode/DerivedData/Droppy-gsnsjehegyqytmgkrbkeikyhncoe/Build/Intermediates.noindex/Droppy.build/Debug/Droppy.build/swift-overrides.hmap -Xcc -iquote -Xcc /Users/jordyspruit/Library/Developer/Xcode/DerivedData/Droppy-gsnsjehegyqytmgkrbkeikyhncoe/Build/Intermediates.noindex/Droppy.build/Debug/Droppy.build/Droppy-generated-files.hmap -Xcc -I/Users/jordyspruit/Library/Developer/Xcode/DerivedData/Droppy-gsnsjehegyqytmgkrbkeikyhncoe/Build/Intermediates.noindex/Droppy.build/Debug/Droppy.build/Droppy-own-target-headers.hmap -Xcc -I/Users/jordyspruit/Library/Developer/Xcode/DerivedData/Droppy-gsnsjehegyqytmgkrbkeikyhncoe/Build/Intermediates.noindex/Droppy.build/Debug/Droppy.build/Droppy-all-target-headers.hmap -Xcc -iquote -Xcc /Users/jordyspruit/Library/Developer/Xcode/DerivedData/Droppy-gsnsjehegyqytmgkrbkeikyhncoe/Build/Intermediates.noindex/Droppy.build/Debug/Droppy.build/Droppy-project-headers.hmap -Xcc -I/Users/jordyspruit/Library/Developer/Xcode/DerivedData/Droppy-gsnsjehegyqytmgkrbkeikyhncoe/Build/Products/Debug/include -Xcc -I/Users/jordyspruit/Library/Developer/Xcode/DerivedData/Droppy-gsnsjehegyqytmgkrbkeikyhncoe/Build/Intermediates.noindex/Droppy.build/Debug/Droppy.build/DerivedSources-normal/arm64 -Xcc -I/Users/jordyspruit/Library/Developer/Xcode/DerivedData/Droppy-gsnsjehegyqytmgkrbkeikyhncoe/Build/Intermediates.noindex/Droppy.build/Debug/Droppy.build/DerivedSources/arm64 -Xcc -I/Users/jordyspruit/Library/Developer/Xcode/DerivedData/Droppy-gsnsjehegyqytmgkrbkeikyhncoe/Build/Intermediates.noindex/Droppy.build/Debug/Droppy.build/DerivedSources -Xcc -DDEBUG\=1 -no-auto-bridging-header-chaining -module-name Droppy -frontend-parseable-output -disable-clang-spi -target-sdk-version 26.2 -target-sdk-name macosx26.2 -clang-target arm64-apple-macos26.2 -in-process-plugin-server-path /Applications/Xcode.app/Contents/Developer/Toolchains/XcodeDefault.xctoolchain/usr/lib/swift/host/libSwiftInProcPluginServer.dylib -o /Users/jordyspruit/Library/Developer/Xcode/DerivedData/Droppy-gsnsjehegyqytmgkrbkeikyhncoe/Build/Intermediates.noindex/Droppy.build/Debug/Droppy.build/Objects-normal/arm64/FloatingBasketView.o -index-unit-output-path /Droppy.build/Debug/Droppy.build/Objects-normal/arm64/FloatingBasketView.o -index-store-path /Users/jordyspruit/Library/Developer/Xcode/DerivedData/Droppy-gsnsjehegyqytmgkrbkeikyhncoe/Index.noindex/DataStore -index-system-modules
SwiftEmitModule normal arm64 Emitting\ module\ for\ Droppy (in target 'Droppy' from project 'Droppy')

EmitSwiftModule normal arm64 (in target 'Droppy' from project 'Droppy')
    cd /Users/jordyspruit/Desktop/Droppy
    

** BUILD FAILED **


The following build commands failed:
	SwiftCompile normal arm64 /Users/jordyspruit/Desktop/Droppy/Droppy/FloatingBasketView.swift (in target 'Droppy' from project 'Droppy')
	SwiftCompile normal arm64 Compiling\ FloatingBasketView.swift /Users/jordyspruit/Desktop/Droppy/Droppy/FloatingBasketView.swift (in target 'Droppy' from project 'Droppy')
	Building project Droppy with scheme Droppy
(3 failures)
